<?xml version="1.0" encoding="UTF-8"?>
<testsuite xmlns:xsi="http://www.w3.org/2001/XMLSchema-instance" xsi:noNamespaceSchemaLocation="https://maven.apache.org/surefire/maven-surefire-plugin/xsd/surefire-test-report.xsd" name="com.khm.reactivepostgres.ReactivePostgresApplicationTests" time="0.865" tests="1" errors="0" skipped="0" failures="0">
  <properties>
    <property name="java.specification.version" value="19"/>
    <property name="sun.cpu.isalist" value="amd64"/>
    <property name="sun.jnu.encoding" value="Cp1252"/>
    <property name="java.class.path" value="C:\Users\jpedr\Desktop\Mestrado\1_ano\IS\ServerSide\target\test-classes;C:\Users\jpedr\Desktop\Mestrado\1_ano\IS\ServerSide\target\classes;C:\Users\jpedr\.m2\repository\org\springframework\boot\spring-boot-starter\2.4.1\spring-boot-starter-2.4.1.jar;C:\Users\jpedr\.m2\repository\org\springframework\boot\spring-boot\2.4.1\spring-boot-2.4.1.jar;C:\Users\jpedr\.m2\repository\org\springframework\spring-context\5.3.2\spring-context-5.3.2.jar;C:\Users\jpedr\.m2\repository\org\springframework\spring-aop\5.3.2\spring-aop-5.3.2.jar;C:\Users\jpedr\.m2\repository\org\springframework\spring-expression\5.3.2\spring-expression-5.3.2.jar;C:\Users\jpedr\.m2\repository\org\springframework\boot\spring-boot-autoconfigure\2.4.1\spring-boot-autoconfigure-2.4.1.jar;C:\Users\jpedr\.m2\repository\org\springframework\boot\spring-boot-starter-logging\2.4.1\spring-boot-starter-logging-2.4.1.jar;C:\Users\jpedr\.m2\repository\ch\qos\logback\logback-classic\1.2.3\logback-classic-1.2.3.jar;C:\Users\jpedr\.m2\repository\ch\qos\logback\logback-core\1.2.3\logback-core-1.2.3.jar;C:\Users\jpedr\.m2\repository\org\apache\logging\log4j\log4j-to-slf4j\2.13.3\log4j-to-slf4j-2.13.3.jar;C:\Users\jpedr\.m2\repository\org\apache\logging\log4j\log4j-api\2.13.3\log4j-api-2.13.3.jar;C:\Users\jpedr\.m2\repository\org\slf4j\jul-to-slf4j\1.7.30\jul-to-slf4j-1.7.30.jar;C:\Users\jpedr\.m2\repository\jakarta\annotation\jakarta.annotation-api\1.3.5\jakarta.annotation-api-1.3.5.jar;C:\Users\jpedr\.m2\repository\org\springframework\spring-core\5.3.2\spring-core-5.3.2.jar;C:\Users\jpedr\.m2\repository\org\springframework\spring-jcl\5.3.2\spring-jcl-5.3.2.jar;C:\Users\jpedr\.m2\repository\org\yaml\snakeyaml\1.27\snakeyaml-1.27.jar;C:\Users\jpedr\.m2\repository\org\hibernate\hibernate-core\5.2.12.Final\hibernate-core-5.2.12.Final.jar;C:\Users\jpedr\.m2\repository\org\jboss\logging\jboss-logging\3.4.1.Final\jboss-logging-3.4.1.Final.jar;C:\Users\jpedr\.m2\repository\org\hibernate\javax\persistence\hibernate-jpa-2.1-api\1.0.0.Final\hibernate-jpa-2.1-api-1.0.0.Final.jar;C:\Users\jpedr\.m2\repository\org\javassist\javassist\3.20.0-GA\javassist-3.20.0-GA.jar;C:\Users\jpedr\.m2\repository\antlr\antlr\2.7.7\antlr-2.7.7.jar;C:\Users\jpedr\.m2\repository\org\jboss\spec\javax\transaction\jboss-transaction-api_1.2_spec\1.0.1.Final\jboss-transaction-api_1.2_spec-1.0.1.Final.jar;C:\Users\jpedr\.m2\repository\org\jboss\jandex\2.0.3.Final\jandex-2.0.3.Final.jar;C:\Users\jpedr\.m2\repository\com\fasterxml\classmate\1.5.1\classmate-1.5.1.jar;C:\Users\jpedr\.m2\repository\dom4j\dom4j\1.6.1\dom4j-1.6.1.jar;C:\Users\jpedr\.m2\repository\org\hibernate\common\hibernate-commons-annotations\5.0.1.Final\hibernate-commons-annotations-5.0.1.Final.jar;C:\Users\jpedr\.m2\repository\mysql\mysql-connector-java\6.0.6\mysql-connector-java-6.0.6.jar;C:\Users\jpedr\.m2\repository\org\springframework\boot\spring-boot-starter-data-r2dbc\2.4.1\spring-boot-starter-data-r2dbc-2.4.1.jar;C:\Users\jpedr\.m2\repository\org\springframework\data\spring-data-r2dbc\1.2.2\spring-data-r2dbc-1.2.2.jar;C:\Users\jpedr\.m2\repository\org\springframework\data\spring-data-commons\2.4.2\spring-data-commons-2.4.2.jar;C:\Users\jpedr\.m2\repository\org\springframework\data\spring-data-relational\2.1.2\spring-data-relational-2.1.2.jar;C:\Users\jpedr\.m2\repository\org\springframework\spring-r2dbc\5.3.2\spring-r2dbc-5.3.2.jar;C:\Users\jpedr\.m2\repository\org\springframework\spring-tx\5.3.2\spring-tx-5.3.2.jar;C:\Users\jpedr\.m2\repository\org\springframework\spring-beans\5.3.2\spring-beans-5.3.2.jar;C:\Users\jpedr\.m2\repository\org\slf4j\slf4j-api\1.7.30\slf4j-api-1.7.30.jar;C:\Users\jpedr\.m2\repository\io\r2dbc\r2dbc-spi\0.8.3.RELEASE\r2dbc-spi-0.8.3.RELEASE.jar;C:\Users\jpedr\.m2\repository\org\reactivestreams\reactive-streams\1.0.3\reactive-streams-1.0.3.jar;C:\Users\jpedr\.m2\repository\io\r2dbc\r2dbc-pool\0.8.5.RELEASE\r2dbc-pool-0.8.5.RELEASE.jar;C:\Users\jpedr\.m2\repository\io\projectreactor\addons\reactor-pool\0.2.1\reactor-pool-0.2.1.jar;C:\Users\jpedr\.m2\repository\org\springframework\boot\spring-boot-starter-webflux\2.4.1\spring-boot-starter-webflux-2.4.1.jar;C:\Users\jpedr\.m2\repository\org\springframework\boot\spring-boot-starter-json\2.4.1\spring-boot-starter-json-2.4.1.jar;C:\Users\jpedr\.m2\repository\com\fasterxml\jackson\core\jackson-databind\2.11.3\jackson-databind-2.11.3.jar;C:\Users\jpedr\.m2\repository\com\fasterxml\jackson\core\jackson-annotations\2.11.3\jackson-annotations-2.11.3.jar;C:\Users\jpedr\.m2\repository\com\fasterxml\jackson\core\jackson-core\2.11.3\jackson-core-2.11.3.jar;C:\Users\jpedr\.m2\repository\com\fasterxml\jackson\datatype\jackson-datatype-jdk8\2.11.3\jackson-datatype-jdk8-2.11.3.jar;C:\Users\jpedr\.m2\repository\com\fasterxml\jackson\datatype\jackson-datatype-jsr310\2.11.3\jackson-datatype-jsr310-2.11.3.jar;C:\Users\jpedr\.m2\repository\com\fasterxml\jackson\module\jackson-module-parameter-names\2.11.3\jackson-module-parameter-names-2.11.3.jar;C:\Users\jpedr\.m2\repository\org\springframework\boot\spring-boot-starter-reactor-netty\2.4.1\spring-boot-starter-reactor-netty-2.4.1.jar;C:\Users\jpedr\.m2\repository\io\projectreactor\netty\reactor-netty-http\1.0.2\reactor-netty-http-1.0.2.jar;C:\Users\jpedr\.m2\repository\io\netty\netty-codec-http\4.1.55.Final\netty-codec-http-4.1.55.Final.jar;C:\Users\jpedr\.m2\repository\io\netty\netty-common\4.1.55.Final\netty-common-4.1.55.Final.jar;C:\Users\jpedr\.m2\repository\io\netty\netty-buffer\4.1.55.Final\netty-buffer-4.1.55.Final.jar;C:\Users\jpedr\.m2\repository\io\netty\netty-transport\4.1.55.Final\netty-transport-4.1.55.Final.jar;C:\Users\jpedr\.m2\repository\io\netty\netty-codec\4.1.55.Final\netty-codec-4.1.55.Final.jar;C:\Users\jpedr\.m2\repository\io\netty\netty-codec-http2\4.1.55.Final\netty-codec-http2-4.1.55.Final.jar;C:\Users\jpedr\.m2\repository\io\netty\netty-resolver-dns\4.1.55.Final\netty-resolver-dns-4.1.55.Final.jar;C:\Users\jpedr\.m2\repository\io\netty\netty-resolver\4.1.55.Final\netty-resolver-4.1.55.Final.jar;C:\Users\jpedr\.m2\repository\io\netty\netty-codec-dns\4.1.55.Final\netty-codec-dns-4.1.55.Final.jar;C:\Users\jpedr\.m2\repository\io\netty\netty-transport-native-epoll\4.1.55.Final\netty-transport-native-epoll-4.1.55.Final-linux-x86_64.jar;C:\Users\jpedr\.m2\repository\io\netty\netty-transport-native-unix-common\4.1.55.Final\netty-transport-native-unix-common-4.1.55.Final.jar;C:\Users\jpedr\.m2\repository\org\springframework\spring-web\5.3.2\spring-web-5.3.2.jar;C:\Users\jpedr\.m2\repository\org\springframework\spring-webflux\5.3.2\spring-webflux-5.3.2.jar;C:\Users\jpedr\.m2\repository\org\springframework\boot\spring-boot-devtools\2.4.1\spring-boot-devtools-2.4.1.jar;C:\Users\jpedr\.m2\repository\io\r2dbc\r2dbc-postgresql\0.8.6.RELEASE\r2dbc-postgresql-0.8.6.RELEASE.jar;C:\Users\jpedr\.m2\repository\com\ongres\scram\client\2.1\client-2.1.jar;C:\Users\jpedr\.m2\repository\com\ongres\scram\common\2.1\common-2.1.jar;C:\Users\jpedr\.m2\repository\com\ongres\stringprep\saslprep\1.1\saslprep-1.1.jar;C:\Users\jpedr\.m2\repository\com\ongres\stringprep\stringprep\1.1\stringprep-1.1.jar;C:\Users\jpedr\.m2\repository\io\projectreactor\reactor-core\3.4.1\reactor-core-3.4.1.jar;C:\Users\jpedr\.m2\repository\io\projectreactor\netty\reactor-netty\1.0.2\reactor-netty-1.0.2.jar;C:\Users\jpedr\.m2\repository\io\projectreactor\netty\reactor-netty-core\1.0.2\reactor-netty-core-1.0.2.jar;C:\Users\jpedr\.m2\repository\io\netty\netty-handler\4.1.55.Final\netty-handler-4.1.55.Final.jar;C:\Users\jpedr\.m2\repository\io\netty\netty-handler-proxy\4.1.55.Final\netty-handler-proxy-4.1.55.Final.jar;C:\Users\jpedr\.m2\repository\io\netty\netty-codec-socks\4.1.55.Final\netty-codec-socks-4.1.55.Final.jar;C:\Users\jpedr\.m2\repository\io\projectreactor\netty\reactor-netty-http-brave\1.0.2\reactor-netty-http-brave-1.0.2.jar;C:\Users\jpedr\.m2\repository\io\zipkin\brave\brave-instrumentation-http\5.13.2\brave-instrumentation-http-5.13.2.jar;C:\Users\jpedr\.m2\repository\io\zipkin\brave\brave\5.13.2\brave-5.13.2.jar;C:\Users\jpedr\.m2\repository\io\zipkin\reporter2\zipkin-reporter-brave\2.16.1\zipkin-reporter-brave-2.16.1.jar;C:\Users\jpedr\.m2\repository\io\zipkin\reporter2\zipkin-reporter\2.16.1\zipkin-reporter-2.16.1.jar;C:\Users\jpedr\.m2\repository\io\zipkin\zipkin2\zipkin\2.23.0\zipkin-2.23.0.jar;C:\Users\jpedr\.m2\repository\org\postgresql\postgresql\42.2.18\postgresql-42.2.18.jar;C:\Users\jpedr\.m2\repository\org\checkerframework\checker-qual\3.5.0\checker-qual-3.5.0.jar;C:\Users\jpedr\.m2\repository\org\projectlombok\lombok\1.18.22\lombok-1.18.22.jar;C:\Users\jpedr\.m2\repository\org\springframework\boot\spring-boot-starter-test\2.4.1\spring-boot-starter-test-2.4.1.jar;C:\Users\jpedr\.m2\repository\org\springframework\boot\spring-boot-test\2.4.1\spring-boot-test-2.4.1.jar;C:\Users\jpedr\.m2\repository\org\springframework\boot\spring-boot-test-autoconfigure\2.4.1\spring-boot-test-autoconfigure-2.4.1.jar;C:\Users\jpedr\.m2\repository\com\jayway\jsonpath\json-path\2.4.0\json-path-2.4.0.jar;C:\Users\jpedr\.m2\repository\net\minidev\json-smart\2.3\json-smart-2.3.jar;C:\Users\jpedr\.m2\repository\net\minidev\accessors-smart\1.2\accessors-smart-1.2.jar;C:\Users\jpedr\.m2\repository\org\ow2\asm\asm\5.0.4\asm-5.0.4.jar;C:\Users\jpedr\.m2\repository\jakarta\xml\bind\jakarta.xml.bind-api\2.3.3\jakarta.xml.bind-api-2.3.3.jar;C:\Users\jpedr\.m2\repository\jakarta\activation\jakarta.activation-api\1.2.2\jakarta.activation-api-1.2.2.jar;C:\Users\jpedr\.m2\repository\org\assertj\assertj-core\3.18.1\assertj-core-3.18.1.jar;C:\Users\jpedr\.m2\repository\org\hamcrest\hamcrest\2.2\hamcrest-2.2.jar;C:\Users\jpedr\.m2\repository\org\junit\jupiter\junit-jupiter\5.7.0\junit-jupiter-5.7.0.jar;C:\Users\jpedr\.m2\repository\org\junit\jupiter\junit-jupiter-api\5.7.0\junit-jupiter-api-5.7.0.jar;C:\Users\jpedr\.m2\repository\org\apiguardian\apiguardian-api\1.1.0\apiguardian-api-1.1.0.jar;C:\Users\jpedr\.m2\repository\org\opentest4j\opentest4j\1.2.0\opentest4j-1.2.0.jar;C:\Users\jpedr\.m2\repository\org\junit\platform\junit-platform-commons\1.7.0\junit-platform-commons-1.7.0.jar;C:\Users\jpedr\.m2\repository\org\junit\jupiter\junit-jupiter-params\5.7.0\junit-jupiter-params-5.7.0.jar;C:\Users\jpedr\.m2\repository\org\junit\jupiter\junit-jupiter-engine\5.7.0\junit-jupiter-engine-5.7.0.jar;C:\Users\jpedr\.m2\repository\org\junit\platform\junit-platform-engine\1.7.0\junit-platform-engine-1.7.0.jar;C:\Users\jpedr\.m2\repository\org\mockito\mockito-core\3.6.28\mockito-core-3.6.28.jar;C:\Users\jpedr\.m2\repository\net\bytebuddy\byte-buddy\1.10.18\byte-buddy-1.10.18.jar;C:\Users\jpedr\.m2\repository\net\bytebuddy\byte-buddy-agent\1.10.18\byte-buddy-agent-1.10.18.jar;C:\Users\jpedr\.m2\repository\org\objenesis\objenesis\3.1\objenesis-3.1.jar;C:\Users\jpedr\.m2\repository\org\mockito\mockito-junit-jupiter\3.6.28\mockito-junit-jupiter-3.6.28.jar;C:\Users\jpedr\.m2\repository\org\skyscreamer\jsonassert\1.5.0\jsonassert-1.5.0.jar;C:\Users\jpedr\.m2\repository\com\vaadin\external\google\android-json\0.0.20131108.vaadin1\android-json-0.0.20131108.vaadin1.jar;C:\Users\jpedr\.m2\repository\org\springframework\spring-test\5.3.2\spring-test-5.3.2.jar;C:\Users\jpedr\.m2\repository\org\xmlunit\xmlunit-core\2.7.0\xmlunit-core-2.7.0.jar;C:\Users\jpedr\.m2\repository\io\projectreactor\reactor-test\3.4.1\reactor-test-3.4.1.jar;C:\Users\jpedr\.m2\repository\junit\junit\4.13.1\junit-4.13.1.jar;C:\Users\jpedr\.m2\repository\org\hamcrest\hamcrest-core\2.2\hamcrest-core-2.2.jar;C:\Users\jpedr\.m2\repository\org\apache\commons\commons-lang3\3.11\commons-lang3-3.11.jar;"/>
    <property name="java.vm.vendor" value="Oracle Corporation"/>
    <property name="sun.arch.data.model" value="64"/>
    <property name="user.variant" value=""/>
    <property name="java.vendor.url" value="https://java.oracle.com/"/>
    <property name="user.timezone" value="Europe/Lisbon"/>
    <property name="os.name" value="Windows 11"/>
    <property name="java.vm.specification.version" value="19"/>
    <property name="sun.java.launcher" value="SUN_STANDARD"/>
    <property name="user.country" value="PT"/>
    <property name="sun.boot.library.path" value="C:\Program Files\Java\jdk-19\bin"/>
    <property name="sun.java.command" value="C:\Users\jpedr\AppData\Local\Temp\surefire17772924560490876048\surefirebooter3078374092423958353.jar C:\Users\jpedr\AppData\Local\Temp\surefire17772924560490876048 2022-11-11T16-36-39_058-jvmRun1 surefire2015239369580793449tmp surefire_017593216349516774043tmp"/>
    <property name="jdk.debug" value="release"/>
    <property name="surefire.test.class.path" value="C:\Users\jpedr\Desktop\Mestrado\1_ano\IS\ServerSide\target\test-classes;C:\Users\jpedr\Desktop\Mestrado\1_ano\IS\ServerSide\target\classes;C:\Users\jpedr\.m2\repository\org\springframework\boot\spring-boot-starter\2.4.1\spring-boot-starter-2.4.1.jar;C:\Users\jpedr\.m2\repository\org\springframework\boot\spring-boot\2.4.1\spring-boot-2.4.1.jar;C:\Users\jpedr\.m2\repository\org\springframework\spring-context\5.3.2\spring-context-5.3.2.jar;C:\Users\jpedr\.m2\repository\org\springframework\spring-aop\5.3.2\spring-aop-5.3.2.jar;C:\Users\jpedr\.m2\repository\org\springframework\spring-expression\5.3.2\spring-expression-5.3.2.jar;C:\Users\jpedr\.m2\repository\org\springframework\boot\spring-boot-autoconfigure\2.4.1\spring-boot-autoconfigure-2.4.1.jar;C:\Users\jpedr\.m2\repository\org\springframework\boot\spring-boot-starter-logging\2.4.1\spring-boot-starter-logging-2.4.1.jar;C:\Users\jpedr\.m2\repository\ch\qos\logback\logback-classic\1.2.3\logback-classic-1.2.3.jar;C:\Users\jpedr\.m2\repository\ch\qos\logback\logback-core\1.2.3\logback-core-1.2.3.jar;C:\Users\jpedr\.m2\repository\org\apache\logging\log4j\log4j-to-slf4j\2.13.3\log4j-to-slf4j-2.13.3.jar;C:\Users\jpedr\.m2\repository\org\apache\logging\log4j\log4j-api\2.13.3\log4j-api-2.13.3.jar;C:\Users\jpedr\.m2\repository\org\slf4j\jul-to-slf4j\1.7.30\jul-to-slf4j-1.7.30.jar;C:\Users\jpedr\.m2\repository\jakarta\annotation\jakarta.annotation-api\1.3.5\jakarta.annotation-api-1.3.5.jar;C:\Users\jpedr\.m2\repository\org\springframework\spring-core\5.3.2\spring-core-5.3.2.jar;C:\Users\jpedr\.m2\repository\org\springframework\spring-jcl\5.3.2\spring-jcl-5.3.2.jar;C:\Users\jpedr\.m2\repository\org\yaml\snakeyaml\1.27\snakeyaml-1.27.jar;C:\Users\jpedr\.m2\repository\org\hibernate\hibernate-core\5.2.12.Final\hibernate-core-5.2.12.Final.jar;C:\Users\jpedr\.m2\repository\org\jboss\logging\jboss-logging\3.4.1.Final\jboss-logging-3.4.1.Final.jar;C:\Users\jpedr\.m2\repository\org\hibernate\javax\persistence\hibernate-jpa-2.1-api\1.0.0.Final\hibernate-jpa-2.1-api-1.0.0.Final.jar;C:\Users\jpedr\.m2\repository\org\javassist\javassist\3.20.0-GA\javassist-3.20.0-GA.jar;C:\Users\jpedr\.m2\repository\antlr\antlr\2.7.7\antlr-2.7.7.jar;C:\Users\jpedr\.m2\repository\org\jboss\spec\javax\transaction\jboss-transaction-api_1.2_spec\1.0.1.Final\jboss-transaction-api_1.2_spec-1.0.1.Final.jar;C:\Users\jpedr\.m2\repository\org\jboss\jandex\2.0.3.Final\jandex-2.0.3.Final.jar;C:\Users\jpedr\.m2\repository\com\fasterxml\classmate\1.5.1\classmate-1.5.1.jar;C:\Users\jpedr\.m2\repository\dom4j\dom4j\1.6.1\dom4j-1.6.1.jar;C:\Users\jpedr\.m2\repository\org\hibernate\common\hibernate-commons-annotations\5.0.1.Final\hibernate-commons-annotations-5.0.1.Final.jar;C:\Users\jpedr\.m2\repository\mysql\mysql-connector-java\6.0.6\mysql-connector-java-6.0.6.jar;C:\Users\jpedr\.m2\repository\org\springframework\boot\spring-boot-starter-data-r2dbc\2.4.1\spring-boot-starter-data-r2dbc-2.4.1.jar;C:\Users\jpedr\.m2\repository\org\springframework\data\spring-data-r2dbc\1.2.2\spring-data-r2dbc-1.2.2.jar;C:\Users\jpedr\.m2\repository\org\springframework\data\spring-data-commons\2.4.2\spring-data-commons-2.4.2.jar;C:\Users\jpedr\.m2\repository\org\springframework\data\spring-data-relational\2.1.2\spring-data-relational-2.1.2.jar;C:\Users\jpedr\.m2\repository\org\springframework\spring-r2dbc\5.3.2\spring-r2dbc-5.3.2.jar;C:\Users\jpedr\.m2\repository\org\springframework\spring-tx\5.3.2\spring-tx-5.3.2.jar;C:\Users\jpedr\.m2\repository\org\springframework\spring-beans\5.3.2\spring-beans-5.3.2.jar;C:\Users\jpedr\.m2\repository\org\slf4j\slf4j-api\1.7.30\slf4j-api-1.7.30.jar;C:\Users\jpedr\.m2\repository\io\r2dbc\r2dbc-spi\0.8.3.RELEASE\r2dbc-spi-0.8.3.RELEASE.jar;C:\Users\jpedr\.m2\repository\org\reactivestreams\reactive-streams\1.0.3\reactive-streams-1.0.3.jar;C:\Users\jpedr\.m2\repository\io\r2dbc\r2dbc-pool\0.8.5.RELEASE\r2dbc-pool-0.8.5.RELEASE.jar;C:\Users\jpedr\.m2\repository\io\projectreactor\addons\reactor-pool\0.2.1\reactor-pool-0.2.1.jar;C:\Users\jpedr\.m2\repository\org\springframework\boot\spring-boot-starter-webflux\2.4.1\spring-boot-starter-webflux-2.4.1.jar;C:\Users\jpedr\.m2\repository\org\springframework\boot\spring-boot-starter-json\2.4.1\spring-boot-starter-json-2.4.1.jar;C:\Users\jpedr\.m2\repository\com\fasterxml\jackson\core\jackson-databind\2.11.3\jackson-databind-2.11.3.jar;C:\Users\jpedr\.m2\repository\com\fasterxml\jackson\core\jackson-annotations\2.11.3\jackson-annotations-2.11.3.jar;C:\Users\jpedr\.m2\repository\com\fasterxml\jackson\core\jackson-core\2.11.3\jackson-core-2.11.3.jar;C:\Users\jpedr\.m2\repository\com\fasterxml\jackson\datatype\jackson-datatype-jdk8\2.11.3\jackson-datatype-jdk8-2.11.3.jar;C:\Users\jpedr\.m2\repository\com\fasterxml\jackson\datatype\jackson-datatype-jsr310\2.11.3\jackson-datatype-jsr310-2.11.3.jar;C:\Users\jpedr\.m2\repository\com\fasterxml\jackson\module\jackson-module-parameter-names\2.11.3\jackson-module-parameter-names-2.11.3.jar;C:\Users\jpedr\.m2\repository\org\springframework\boot\spring-boot-starter-reactor-netty\2.4.1\spring-boot-starter-reactor-netty-2.4.1.jar;C:\Users\jpedr\.m2\repository\io\projectreactor\netty\reactor-netty-http\1.0.2\reactor-netty-http-1.0.2.jar;C:\Users\jpedr\.m2\repository\io\netty\netty-codec-http\4.1.55.Final\netty-codec-http-4.1.55.Final.jar;C:\Users\jpedr\.m2\repository\io\netty\netty-common\4.1.55.Final\netty-common-4.1.55.Final.jar;C:\Users\jpedr\.m2\repository\io\netty\netty-buffer\4.1.55.Final\netty-buffer-4.1.55.Final.jar;C:\Users\jpedr\.m2\repository\io\netty\netty-transport\4.1.55.Final\netty-transport-4.1.55.Final.jar;C:\Users\jpedr\.m2\repository\io\netty\netty-codec\4.1.55.Final\netty-codec-4.1.55.Final.jar;C:\Users\jpedr\.m2\repository\io\netty\netty-codec-http2\4.1.55.Final\netty-codec-http2-4.1.55.Final.jar;C:\Users\jpedr\.m2\repository\io\netty\netty-resolver-dns\4.1.55.Final\netty-resolver-dns-4.1.55.Final.jar;C:\Users\jpedr\.m2\repository\io\netty\netty-resolver\4.1.55.Final\netty-resolver-4.1.55.Final.jar;C:\Users\jpedr\.m2\repository\io\netty\netty-codec-dns\4.1.55.Final\netty-codec-dns-4.1.55.Final.jar;C:\Users\jpedr\.m2\repository\io\netty\netty-transport-native-epoll\4.1.55.Final\netty-transport-native-epoll-4.1.55.Final-linux-x86_64.jar;C:\Users\jpedr\.m2\repository\io\netty\netty-transport-native-unix-common\4.1.55.Final\netty-transport-native-unix-common-4.1.55.Final.jar;C:\Users\jpedr\.m2\repository\org\springframework\spring-web\5.3.2\spring-web-5.3.2.jar;C:\Users\jpedr\.m2\repository\org\springframework\spring-webflux\5.3.2\spring-webflux-5.3.2.jar;C:\Users\jpedr\.m2\repository\org\springframework\boot\spring-boot-devtools\2.4.1\spring-boot-devtools-2.4.1.jar;C:\Users\jpedr\.m2\repository\io\r2dbc\r2dbc-postgresql\0.8.6.RELEASE\r2dbc-postgresql-0.8.6.RELEASE.jar;C:\Users\jpedr\.m2\repository\com\ongres\scram\client\2.1\client-2.1.jar;C:\Users\jpedr\.m2\repository\com\ongres\scram\common\2.1\common-2.1.jar;C:\Users\jpedr\.m2\repository\com\ongres\stringprep\saslprep\1.1\saslprep-1.1.jar;C:\Users\jpedr\.m2\repository\com\ongres\stringprep\stringprep\1.1\stringprep-1.1.jar;C:\Users\jpedr\.m2\repository\io\projectreactor\reactor-core\3.4.1\reactor-core-3.4.1.jar;C:\Users\jpedr\.m2\repository\io\projectreactor\netty\reactor-netty\1.0.2\reactor-netty-1.0.2.jar;C:\Users\jpedr\.m2\repository\io\projectreactor\netty\reactor-netty-core\1.0.2\reactor-netty-core-1.0.2.jar;C:\Users\jpedr\.m2\repository\io\netty\netty-handler\4.1.55.Final\netty-handler-4.1.55.Final.jar;C:\Users\jpedr\.m2\repository\io\netty\netty-handler-proxy\4.1.55.Final\netty-handler-proxy-4.1.55.Final.jar;C:\Users\jpedr\.m2\repository\io\netty\netty-codec-socks\4.1.55.Final\netty-codec-socks-4.1.55.Final.jar;C:\Users\jpedr\.m2\repository\io\projectreactor\netty\reactor-netty-http-brave\1.0.2\reactor-netty-http-brave-1.0.2.jar;C:\Users\jpedr\.m2\repository\io\zipkin\brave\brave-instrumentation-http\5.13.2\brave-instrumentation-http-5.13.2.jar;C:\Users\jpedr\.m2\repository\io\zipkin\brave\brave\5.13.2\brave-5.13.2.jar;C:\Users\jpedr\.m2\repository\io\zipkin\reporter2\zipkin-reporter-brave\2.16.1\zipkin-reporter-brave-2.16.1.jar;C:\Users\jpedr\.m2\repository\io\zipkin\reporter2\zipkin-reporter\2.16.1\zipkin-reporter-2.16.1.jar;C:\Users\jpedr\.m2\repository\io\zipkin\zipkin2\zipkin\2.23.0\zipkin-2.23.0.jar;C:\Users\jpedr\.m2\repository\org\postgresql\postgresql\42.2.18\postgresql-42.2.18.jar;C:\Users\jpedr\.m2\repository\org\checkerframework\checker-qual\3.5.0\checker-qual-3.5.0.jar;C:\Users\jpedr\.m2\repository\org\projectlombok\lombok\1.18.22\lombok-1.18.22.jar;C:\Users\jpedr\.m2\repository\org\springframework\boot\spring-boot-starter-test\2.4.1\spring-boot-starter-test-2.4.1.jar;C:\Users\jpedr\.m2\repository\org\springframework\boot\spring-boot-test\2.4.1\spring-boot-test-2.4.1.jar;C:\Users\jpedr\.m2\repository\org\springframework\boot\spring-boot-test-autoconfigure\2.4.1\spring-boot-test-autoconfigure-2.4.1.jar;C:\Users\jpedr\.m2\repository\com\jayway\jsonpath\json-path\2.4.0\json-path-2.4.0.jar;C:\Users\jpedr\.m2\repository\net\minidev\json-smart\2.3\json-smart-2.3.jar;C:\Users\jpedr\.m2\repository\net\minidev\accessors-smart\1.2\accessors-smart-1.2.jar;C:\Users\jpedr\.m2\repository\org\ow2\asm\asm\5.0.4\asm-5.0.4.jar;C:\Users\jpedr\.m2\repository\jakarta\xml\bind\jakarta.xml.bind-api\2.3.3\jakarta.xml.bind-api-2.3.3.jar;C:\Users\jpedr\.m2\repository\jakarta\activation\jakarta.activation-api\1.2.2\jakarta.activation-api-1.2.2.jar;C:\Users\jpedr\.m2\repository\org\assertj\assertj-core\3.18.1\assertj-core-3.18.1.jar;C:\Users\jpedr\.m2\repository\org\hamcrest\hamcrest\2.2\hamcrest-2.2.jar;C:\Users\jpedr\.m2\repository\org\junit\jupiter\junit-jupiter\5.7.0\junit-jupiter-5.7.0.jar;C:\Users\jpedr\.m2\repository\org\junit\jupiter\junit-jupiter-api\5.7.0\junit-jupiter-api-5.7.0.jar;C:\Users\jpedr\.m2\repository\org\apiguardian\apiguardian-api\1.1.0\apiguardian-api-1.1.0.jar;C:\Users\jpedr\.m2\repository\org\opentest4j\opentest4j\1.2.0\opentest4j-1.2.0.jar;C:\Users\jpedr\.m2\repository\org\junit\platform\junit-platform-commons\1.7.0\junit-platform-commons-1.7.0.jar;C:\Users\jpedr\.m2\repository\org\junit\jupiter\junit-jupiter-params\5.7.0\junit-jupiter-params-5.7.0.jar;C:\Users\jpedr\.m2\repository\org\junit\jupiter\junit-jupiter-engine\5.7.0\junit-jupiter-engine-5.7.0.jar;C:\Users\jpedr\.m2\repository\org\junit\platform\junit-platform-engine\1.7.0\junit-platform-engine-1.7.0.jar;C:\Users\jpedr\.m2\repository\org\mockito\mockito-core\3.6.28\mockito-core-3.6.28.jar;C:\Users\jpedr\.m2\repository\net\bytebuddy\byte-buddy\1.10.18\byte-buddy-1.10.18.jar;C:\Users\jpedr\.m2\repository\net\bytebuddy\byte-buddy-agent\1.10.18\byte-buddy-agent-1.10.18.jar;C:\Users\jpedr\.m2\repository\org\objenesis\objenesis\3.1\objenesis-3.1.jar;C:\Users\jpedr\.m2\repository\org\mockito\mockito-junit-jupiter\3.6.28\mockito-junit-jupiter-3.6.28.jar;C:\Users\jpedr\.m2\repository\org\skyscreamer\jsonassert\1.5.0\jsonassert-1.5.0.jar;C:\Users\jpedr\.m2\repository\com\vaadin\external\google\android-json\0.0.20131108.vaadin1\android-json-0.0.20131108.vaadin1.jar;C:\Users\jpedr\.m2\repository\org\springframework\spring-test\5.3.2\spring-test-5.3.2.jar;C:\Users\jpedr\.m2\repository\org\xmlunit\xmlunit-core\2.7.0\xmlunit-core-2.7.0.jar;C:\Users\jpedr\.m2\repository\io\projectreactor\reactor-test\3.4.1\reactor-test-3.4.1.jar;C:\Users\jpedr\.m2\repository\junit\junit\4.13.1\junit-4.13.1.jar;C:\Users\jpedr\.m2\repository\org\hamcrest\hamcrest-core\2.2\hamcrest-core-2.2.jar;C:\Users\jpedr\.m2\repository\org\apache\commons\commons-lang3\3.11\commons-lang3-3.11.jar;"/>
    <property name="sun.cpu.endian" value="little"/>
    <property name="user.home" value="C:\Users\jpedr"/>
    <property name="user.language" value="pt"/>
    <property name="java.specification.vendor" value="Oracle Corporation"/>
    <property name="java.version.date" value="2022-09-20"/>
    <property name="java.home" value="C:\Program Files\Java\jdk-19"/>
    <property name="file.separator" value="\"/>
    <property name="basedir" value="C:\Users\jpedr\Desktop\Mestrado\1_ano\IS\ServerSide"/>
    <property name="java.vm.compressedOopsMode" value="Zero based"/>
    <property name="line.separator" value="&#10;"/>
    <property name="java.vm.specification.vendor" value="Oracle Corporation"/>
    <property name="java.specification.name" value="Java Platform API Specification"/>
    <property name="surefire.real.class.path" value="C:\Users\jpedr\AppData\Local\Temp\surefire17772924560490876048\surefirebooter3078374092423958353.jar"/>
    <property name="user.script" value=""/>
    <property name="sun.management.compiler" value="HotSpot 64-Bit Tiered Compilers"/>
    <property name="java.runtime.version" value="19+36-2238"/>
    <property name="user.name" value="jpedr"/>
    <property name="stdout.encoding" value="Cp1252"/>
    <property name="path.separator" value=";"/>
    <property name="os.version" value="10.0"/>
    <property name="java.runtime.name" value="Java(TM) SE Runtime Environment"/>
    <property name="file.encoding" value="UTF-8"/>
    <property name="java.vm.name" value="Java HotSpot(TM) 64-Bit Server VM"/>
    <property name="localRepository" value="C:\Users\jpedr\.m2\repository"/>
    <property name="java.vendor.url.bug" value="https://bugreport.java.com/bugreport/"/>
    <property name="java.io.tmpdir" value="C:\Users\jpedr\AppData\Local\Temp\"/>
    <property name="idea.version" value="2022.2.1"/>
    <property name="java.version" value="19"/>
    <property name="user.dir" value="C:\Users\jpedr\Desktop\Mestrado\1_ano\IS\ServerSide"/>
    <property name="os.arch" value="amd64"/>
    <property name="java.vm.specification.name" value="Java Virtual Machine Specification"/>
    <property name="sun.os.patch.level" value=""/>
    <property name="native.encoding" value="Cp1252"/>
    <property name="java.library.path" value="C:\Program Files\Java\jdk-19\bin;C:\WINDOWS\Sun\Java\bin;C:\WINDOWS\system32;C:\WINDOWS;C:\Program Files (x86)\VMware\VMware Player\bin\;C:\Program Files (x86)\Common Files\Intel\Shared Libraries\redist\intel64_win\compiler;C:\Program Files\Common Files\Oracle\Java\javapath;C:\Program Files (x86)\Common Files\Oracle\Java\javapath;C:\ProgramData\Oracle\Java\javapath;C:\Windows\system32;C:\Windows;C:\Windows\System32\Wbem;C:\Windows\System32\WindowsPowerShell\v1.0\;C:\Windows\System32\OpenSSH\;C:\Program Files (x86)\NVIDIA Corporation\PhysX\Common;C:\Program Files\NVIDIA Corporation\NVIDIA NvDLISR;C:\Program Files\Intel\WiFi\bin\;C:\Program Files\Common Files\Intel\WirelessCommon\;C:\Program Files (x86)\Microsoft SQL Server\150\DTS\Binn\;C:\WINDOWS\system32;C:\WINDOWS;C:\WINDOWS\System32\Wbem;C:\WINDOWS\System32\WindowsPowerShell\v1.0\;C:\WINDOWS\System32\OpenSSH\;C:\Program Files (x86)\Java\jdk1.7\bin\jar.exe;C:\Program Files\MATLAB\R2020b\bin;C:\Program Files\Git\cmd;C:\MinGW\bin;C:\cygnus\cygwin-b20\H-i586-cygwin32\bin;C:\Users\jpedr\Documents\apache-maven-3.8.5;C:\Program Files\Java\jdk-17.0.3;C:\Users\jpedr\AppData\Local\Packages\PythonSoftwareFoundation.Python.3.9_qbz5n2kfra8p0\LocalCache\local-packages\Python39\Scripts;C:\Users\jpedr\Documents\apache-maven-3.8.5\bin;C:\Program Files\PuTTY\;C:\Program Files\Docker\Docker\resources\bin;C:\ProgramData\DockerDesktop\version-bin;C:\Program Files\nodejs\;C:\Program Files\MySQL\MySQL Shell 8.0\bin\;C:\Program Files\Java\jdk-15\bin;C:\Windows\system32;C:\Windows;C:\Windows\System32\Wbem;C:\Windows\System32\WindowsPowerShell\v1.0\;C:\Windows\System32\OpenSSH\;C:\Program Files (x86)\NVIDIA Corporation\PhysX\Common;C:\Program Files\NVIDIA Corporation\NVIDIA NvDLISR;C:\Program Files\Intel\WiFi\bin\;C:\Program Files\Common Files\Intel\WirelessCommon\;C:\Program Files\PuTTY\;C:\Program Files (x86)\Microsoft Visual Studio\Shared\Python37_64;C:\Python37\Scripts;C:\Program Files\JetBrains\CLion 2019.3.3\bin;C:\Users\jpedr\AppData\Local\Microsoft\WindowsApps;C:\Program Files\JetBrains\PyCharm Community Edition 2020.3.3\bin;C:\Users\jpedr\AppData\Local\GitHubDesktop\bin;C:\Users\jpedr\AppData\Local\atom\bin;C:\Users\jpedr\AppData\Local\Programs\Microsoft VS Code\bin;C:\Users\jpedr\AppData\Local\Microsoft\WindowsApps;C:\Users\jpedr\Documents\apache-maven-3.8.5;C:\Users\jpedr\AppData\Roaming\npm;."/>
    <property name="java.vm.info" value="mixed mode, sharing"/>
    <property name="stderr.encoding" value="Cp1252"/>
    <property name="java.vendor" value="Oracle Corporation"/>
    <property name="java.vm.version" value="19+36-2238"/>
    <property name="sun.io.unicode.encoding" value="UnicodeLittle"/>
    <property name="java.class.version" value="63.0"/>
  </properties>
  <testcase name="contextLoads" classname="com.khm.reactivepostgres.ReactivePostgresApplicationTests" time="0.008"/>
</testsuite>